2020-09-30 15:36:39 DEBUG Incoming request employee controller : Employee [id=null, name=ojas, salary=100088, city=chennani, phone=2345]
2020-09-30 17:40:12 DEBUG Incoming request employee controller : Employee [id=null, name=ojas1, salary=100082, city=chennani, phone=2345]
2020-09-30 17:40:12 DEBUG Incoming request employee service : Employee [id=null, name=ojas1, salary=100082, city=chennani, phone=2345]
2020-09-30 17:41:40 DEBUG Incoming request getallemployees method 
2020-09-30 17:41:40 DEBUG Incoming request getAllEmployees
2020-09-30 17:58:09 DEBUG Incomming request deleteemployee method
2020-09-30 17:58:09 DEBUG Incoming request employee service delete method : 3
2020-09-30 17:58:29 DEBUG Incomming request deleteemployee method
2020-09-30 17:58:29 DEBUG Incoming request employee service delete method : 4
2020-10-01 10:07:12 DEBUG Incoming request employee controller : Employee [id=null, name=sssss, salary=123, city=chennai, phone=23456]
2020-10-01 10:07:12 DEBUG Incoming request employee service : Employee [id=null, name=sssss, salary=123, city=chennai, phone=23456]
2020-10-01 10:10:38 DEBUG Incoming request employee controller : Employee [id=1, name=swa, salary=15000, city=Hyd, phone=1234]
2020-10-01 10:10:55 DEBUG Incoming request employee controller : Employee [id=1, name=swa, salary=15000, city=Hyd, phone=1234]
2020-10-01 10:11:04 DEBUG Incoming request employee controller : Employee [id=1, name=swa, salary=15000, city=Hyd, phone=1234]
2020-10-01 10:15:15 DEBUG Incoming request employee controller : Employee [id=1, name=swa, salary=15000, city=Hyd, phone=1234]
2020-10-01 10:15:47 DEBUG Incoming request employee controller : Employee [id=1, name=swa, salary=15000, city=Hyd, phone=1234]
2020-10-01 10:16:34 DEBUG Incoming request employee controller : Employee [id=1, name=swa, salary=15000, city=Hyd, phone=1234]
2020-10-01 10:19:14 DEBUG Incoming request employee controller : Employee [id=1, name=swa, salary=15000, city=Hyd, phone=1234]
2020-10-01 10:24:02 DEBUG Incoming request employee controller : Employee [id=1, name=swa, salary=15000, city=Hyd, phone=1234]
2020-10-01 10:27:49 DEBUG Incoming request employee controller : Employee [id=null, name=swetha, salary=15400, city=kolkata, phone=112345]
2020-10-01 10:27:49 DEBUG Incoming request employee service : Employee [id=null, name=swetha, salary=15400, city=kolkata, phone=112345]
2020-10-01 12:58:25 DEBUG Incoming request employee controller : Employee [id=1, name=swa, salary=15000, city=Hyd, phone=1234]
2020-10-01 12:59:33 DEBUG Incoming request employee controller : Employee [id=null, name=bhuvi, salary=15400, city=chittor, phone=112345]
2020-10-01 12:59:33 DEBUG Incoming request employee service : Employee [id=null, name=bhuvi, salary=15400, city=chittor, phone=112345]
2020-10-01 13:00:01 DEBUG Incoming request getallemployees method 
2020-10-01 13:00:01 DEBUG Incoming request getAllEmployees
2020-10-01 13:01:42 DEBUG Incoming request getallemployees method 
2020-10-01 13:01:42 DEBUG Incoming request getAllEmployees
2020-10-01 14:43:21 DEBUG Incoming request getallemployees method 
2020-10-01 14:43:57 DEBUG Incoming request getallemployees method 
2020-10-01 14:45:16 DEBUG Incoming request employee controller : Employee [id=1, name=swa, salary=15000, city=Hyd, phone=1234]
2020-10-01 14:49:12 DEBUG Incoming request employee controller : Employee [id=1, name=swa, salary=15000, city=Hyd, phone=1234]
2020-10-01 14:50:13 DEBUG Incoming request getallemployees method 
2020-10-01 14:50:40 DEBUG Incoming request getallemployees method 
2020-10-01 14:52:08 DEBUG Incoming request getallemployees method 
2020-10-01 14:52:40 DEBUG Incoming request getallemployees method 
2020-10-01 14:54:07 DEBUG Incoming request getallemployees method 
2020-10-01 14:55:47 DEBUG Incoming request getallemployees method 
2020-10-01 14:56:08 DEBUG Incoming request employee controller : Employee [id=1, name=swa, salary=15000, city=Hyd, phone=1234]
2020-10-01 14:56:08 DEBUG Incoming request getallemployees method 
2020-10-01 15:01:55 DEBUG Incomming request deleteemployee method
2020-10-01 15:02:16 DEBUG Incomming request deleteemployee method
2020-10-01 15:02:37 DEBUG Incoming request employee controller : Employee [id=1, name=swa, salary=15000, city=Hyd, phone=1234]
2020-10-01 15:02:37 DEBUG Incomming request deleteemployee method
2020-10-01 15:02:37 DEBUG Incoming request getallemployees method 
2020-10-01 15:07:20 DEBUG Incomming request deleteemployee method
2020-10-01 15:07:40 DEBUG Incoming request employee controller : Employee [id=1, name=swa, salary=15000, city=Hyd, phone=1234]
2020-10-01 15:07:40 DEBUG Incomming request deleteemployee method
2020-10-01 15:07:40 DEBUG Incoming request getallemployees method 
2020-10-01 16:05:49 DEBUG Incoming request employee service : Employee [id=1, name=swa, salary=15000, city=Hyd, phone=1234]
2020-10-01 16:19:02 DEBUG Incoming request employee service delete method : null
2020-10-01 16:19:02 ERROR record not found
2020-10-01 16:22:37 DEBUG Incoming request employee service : Employee [id=1, name=swa, salary=15000, city=Hyd, phone=1234]
2020-10-01 16:23:54 DEBUG Incoming request employee service : Employee [id=1, name=swa, salary=15000, city=Hyd, phone=1234]
2020-10-01 16:29:01 DEBUG Incoming request getAllEmployees
2020-10-01 17:10:57 DEBUG Incoming request employee controller : Employee [id=1, name=swa, salary=15000, city=Hyd, phone=1234]
2020-10-01 17:10:57 DEBUG Incomming request deleteemployee method
2020-10-01 17:10:57 DEBUG Incoming request getallemployees method 
2020-10-01 17:12:25 DEBUG Incoming request employee service : Employee [id=1, name=swa, salary=15000, city=Hyd, phone=1234]
2020-10-01 17:15:32 DEBUG Incoming request employee controller : Employee [id=1, name=swa, salary=15000, city=Hyd, phone=1234]
2020-10-01 17:15:32 DEBUG Incomming request deleteemployee method
2020-10-01 17:15:32 DEBUG Incoming request getallemployees method 
2020-10-01 17:17:28 DEBUG Incoming request employee service : Employee [id=1, name=swa, salary=15000, city=Hyd, phone=1234]
2020-10-02 10:35:55 DEBUG Incoming request getAllEmployees
2020-10-02 10:56:13 DEBUG Incoming request employee service delete method : null
2020-10-02 10:56:13 ERROR record not found
2020-10-02 10:56:41 DEBUG Incoming request employee service delete method : null
2020-10-02 10:56:41 ERROR record not found
2020-10-02 10:57:59 DEBUG Incoming request employee service delete method : null
2020-10-02 10:57:59 ERROR record not found
2020-10-02 11:00:05 DEBUG Incoming request employee service delete method : null
2020-10-02 11:00:05 ERROR record not found
2020-10-02 11:01:05 DEBUG Incoming request employee service delete method : null
2020-10-02 11:01:05 ERROR record not found
2020-10-02 11:01:56 DEBUG Incoming request employee service delete method : null
2020-10-02 11:01:56 ERROR record not found
2020-10-02 11:05:13 DEBUG Incoming request employee service delete method : null
2020-10-02 11:05:13 ERROR record not found
2020-10-02 11:10:32 DEBUG Incoming request employee service delete method : null
2020-10-02 11:10:32 ERROR record not found
2020-10-02 11:19:13 DEBUG Incoming request employee service delete method : null
2020-10-02 11:19:13 ERROR record not found
2020-10-02 11:20:52 DEBUG Incoming request employee service delete method : null
2020-10-02 11:20:52 ERROR record not found
2020-10-02 11:21:30 DEBUG Incoming request employee service delete method : null
2020-10-02 11:21:30 ERROR record not found
2020-10-02 11:22:22 DEBUG Incoming request employee service delete method : 1
2020-10-02 11:23:13 DEBUG Incoming request employee service delete method : 1
2020-10-02 11:23:13 DEBUG Incoming request employee service delete method : null
2020-10-02 11:23:13 ERROR record not found
2020-10-02 11:23:13 DEBUG Incoming request employee service : Employee [id=1, name=swa, salary=15000, city=Hyd, phone=1234]
2020-10-02 11:23:13 DEBUG Incoming request getAllEmployees
2020-10-02 11:25:21 DEBUG Incoming request employee service delete method : 1
2020-10-02 11:25:21 DEBUG Incoming request getAllEmployees
2020-10-02 11:26:13 DEBUG Incoming request employee service delete method : 1
2020-10-02 11:26:13 DEBUG Incoming request employee service : Employee [id=1, name=swa, salary=15000, city=Hyd, phone=1234]
2020-10-02 11:26:13 DEBUG Incoming request getAllEmployees
2020-10-02 11:26:44 DEBUG Incoming request employee service delete method : 1
2020-10-02 11:26:44 DEBUG Incoming request employee service delete method : null
2020-10-02 11:26:44 ERROR record not found
2020-10-02 11:26:44 DEBUG Incoming request employee service : Employee [id=1, name=swa, salary=15000, city=Hyd, phone=1234]
2020-10-02 11:26:44 DEBUG Incoming request getAllEmployees
2020-10-02 11:27:44 DEBUG Incoming request employee service delete method : 1
2020-10-02 11:27:44 DEBUG Incoming request employee service delete method : null
2020-10-02 11:27:44 ERROR record not found
2020-10-02 11:27:44 DEBUG Incoming request employee service : Employee [id=1, name=swa, salary=15000, city=Hyd, phone=1234]
2020-10-02 11:27:44 DEBUG Incoming request getAllEmployees
2020-10-02 11:29:45 DEBUG Incoming request employee service delete method : 1
2020-10-02 11:29:45 DEBUG Incoming request employee service delete method : null
2020-10-02 11:29:45 ERROR record not found
2020-10-02 11:29:45 DEBUG Incoming request employee service : Employee [id=1, name=swa, salary=15000, city=Hyd, phone=1234]
2020-10-02 11:29:45 DEBUG Incoming request getAllEmployees
2020-10-02 11:30:25 DEBUG Incoming request employee service delete method : 1
2020-10-02 11:30:25 DEBUG Incoming request employee service delete method : null
2020-10-02 11:30:25 ERROR record not found
2020-10-02 11:30:25 DEBUG Incoming request getAllEmployees
2020-10-02 11:31:01 DEBUG Incoming request employee service delete method : 1
2020-10-02 11:31:01 DEBUG Incoming request getAllEmployees
2020-10-02 11:31:25 DEBUG Incoming request employee service delete method : null
2020-10-02 11:31:25 ERROR record not found
2020-10-02 11:46:59 DEBUG Incoming request employee service delete method : null
2020-10-02 11:46:59 ERROR record not found
2020-10-02 11:47:22 DEBUG Incoming request employee service delete method : 1
2020-10-02 11:49:32 DEBUG Incoming request employee service delete method : null
2020-10-02 11:49:32 ERROR record not found
2020-10-02 11:50:02 DEBUG Incoming request employee service delete method : null
2020-10-02 11:50:02 ERROR record not found
2020-10-02 11:51:07 DEBUG Incoming request employee service delete method : 1
2020-10-02 11:51:07 DEBUG Incoming request employee service delete method : null
2020-10-02 11:51:07 ERROR record not found
2020-10-02 11:51:07 DEBUG Incoming request employee service : Employee [id=1, name=swa, salary=15000, city=Hyd, phone=1234]
2020-10-02 11:51:08 DEBUG Incoming request getAllEmployees
2020-10-02 11:53:12 DEBUG Incoming request employee service delete method : null
2020-10-02 11:53:12 ERROR record not found
2020-10-02 11:53:33 DEBUG Incoming request employee service delete method : 1
2020-10-02 11:53:33 DEBUG Incoming request employee service delete method : null
2020-10-02 11:53:33 ERROR record not found
2020-10-02 11:53:33 DEBUG Incoming request employee service : Employee [id=1, name=swa, salary=15000, city=Hyd, phone=1234]
2020-10-02 11:53:33 DEBUG Incoming request getAllEmployees
2020-10-02 11:55:40 DEBUG Incoming request getallemployees method 
2020-10-02 12:26:36 DEBUG Incoming request getallemployees method 
2020-10-02 12:26:36 DEBUG Incoming request getAllEmployees
2020-10-02 12:37:10 DEBUG Incoming request employee controller : Employee [id=1, name=swa, salary=15000, city=Hyd, phone=1234]
2020-10-02 12:37:10 DEBUG Incomming request deleteemployee method
2020-10-02 12:37:10 DEBUG Incoming request getallemployees method 
2020-10-02 12:48:31 DEBUG Incoming request getallemployees method 
2020-10-02 12:48:31 DEBUG Incoming request getAllEmployees
2020-10-02 12:51:48 DEBUG Incoming request getallemployees method 
2020-10-02 12:51:48 DEBUG Incoming request getAllEmployees
2020-10-02 12:52:30 DEBUG Incoming request getallemployees method 
2020-10-02 12:52:30 DEBUG Incoming request getAllEmployees
2020-10-02 13:04:39 DEBUG Incomming request getbyid method
2020-10-02 13:04:39 DEBUG Incoming request employee service getbyid method : null
2020-10-02 13:04:39 ERROR record not found
2020-10-02 13:05:13 DEBUG Incomming request getbyid method
2020-10-02 13:05:13 DEBUG Incoming request employee service getbyid method : null
2020-10-02 13:05:13 ERROR record not found
2020-10-02 13:07:27 DEBUG Incomming request getbyid method
2020-10-02 13:07:27 DEBUG Incoming request employee service getbyid method : 5
2020-10-02 13:08:30 DEBUG Incomming request getbyid method
2020-10-02 13:08:30 DEBUG Incoming request employee service getbyid method : 20
2020-10-02 13:09:01 DEBUG Incomming request getbyid method
2020-10-02 13:09:01 DEBUG Incoming request employee service getbyid method : 7
2020-10-02 13:10:07 DEBUG Incomming request getbyid method
2020-10-02 13:10:07 DEBUG Incoming request employee service getbyid method : 20
2020-10-02 13:10:57 DEBUG Incomming request getbyid method
2020-10-02 13:10:57 DEBUG Incoming request employee service getbyid method : 20
2020-10-02 13:11:02 DEBUG Incomming request getbyid method
2020-10-02 13:11:02 DEBUG Incoming request employee service getbyid method : 20
2020-10-02 13:11:31 DEBUG Incomming request getbyid method
2020-10-02 13:11:31 DEBUG Incoming request employee service getbyid method : 2
2020-10-02 13:12:08 DEBUG Incomming request getbyid method
2020-10-02 13:12:08 DEBUG Incoming request employee service getbyid method : 2
2020-10-02 13:12:31 DEBUG Incomming request getbyid method
2020-10-02 13:12:31 DEBUG Incoming request employee service getbyid method : 2
2020-10-02 13:12:32 DEBUG Incomming request getbyid method
2020-10-02 13:12:32 DEBUG Incoming request employee service getbyid method : 2
2020-10-02 13:12:48 DEBUG Incomming request getbyid method
2020-10-02 13:12:48 DEBUG Incoming request employee service getbyid method : 2
2020-10-02 13:12:49 DEBUG Incomming request getbyid method
2020-10-02 13:12:49 DEBUG Incoming request employee service getbyid method : 2
2020-10-02 13:12:50 DEBUG Incomming request getbyid method
2020-10-02 13:12:50 DEBUG Incoming request employee service getbyid method : 2
2020-10-02 13:13:30 DEBUG Incomming request getbyid method
2020-10-02 13:13:30 DEBUG Incoming request employee service getbyid method : 5
2020-10-02 13:13:40 DEBUG Incomming request getbyid method
2020-10-02 13:13:40 DEBUG Incoming request employee service getbyid method : 9
2020-10-02 13:14:43 DEBUG Incomming request getbyid method
2020-10-02 13:14:43 DEBUG Incoming request employee service getbyid method : 9
2020-10-02 13:14:49 DEBUG Incomming request getbyid method
2020-10-02 13:14:49 DEBUG Incoming request employee service getbyid method : 5
2020-10-02 13:14:51 DEBUG Incomming request getbyid method
2020-10-02 13:14:51 DEBUG Incoming request employee service getbyid method : 5
2020-10-02 13:14:57 DEBUG Incomming request getbyid method
2020-10-02 13:14:57 DEBUG Incoming request employee service getbyid method : 20
2020-10-02 13:15:10 DEBUG Incomming request getbyid method
2020-10-02 13:15:10 DEBUG Incoming request employee service getbyid method : 50
2020-10-02 14:59:08 DEBUG Incoming request getallemployees method 
2020-10-02 14:59:08 DEBUG Incoming request getAllEmployees
2020-10-02 14:59:44 DEBUG Incoming request getallemployees method 
2020-10-02 14:59:44 DEBUG Incoming request getAllEmployees
2020-10-02 15:00:09 DEBUG Incomming request getbyid method
2020-10-02 15:00:09 DEBUG Incoming request employee service getbyid method : 8
2020-10-02 15:00:31 DEBUG Incomming request getbyid method
2020-10-02 15:00:31 DEBUG Incoming request employee service getbyid method : 40
2020-10-02 15:00:45 DEBUG Incoming request getallemployees method 
2020-10-02 15:00:45 DEBUG Incoming request getAllEmployees
2020-10-02 15:01:12 DEBUG Incomming request getbyid method
2020-10-02 15:01:12 DEBUG Incoming request employee service getbyid method : 11
2020-10-02 15:01:26 DEBUG Incoming request getallemployees method 
2020-10-02 15:01:26 DEBUG Incoming request getAllEmployees
2020-10-02 15:01:59 DEBUG Incoming request getallemployees method 
2020-10-02 15:01:59 DEBUG Incoming request getAllEmployees
2020-10-02 15:02:39 DEBUG Incomming request deleteemployee method
2020-10-02 15:02:39 DEBUG Incoming request employee service delete method : 6
2020-10-02 15:02:52 DEBUG Incoming request getallemployees method 
2020-10-02 15:02:52 DEBUG Incoming request getAllEmployees
2020-10-02 15:03:11 DEBUG Incomming request getbyid method
2020-10-02 15:03:11 DEBUG Incoming request employee service getbyid method : 8
2020-10-02 15:04:30 DEBUG Incomming request getbyid method
2020-10-02 15:04:30 DEBUG Incoming request employee service getbyid method : 90
2020-10-02 15:05:01 DEBUG Incomming request getbyid method
2020-10-02 15:05:01 DEBUG Incoming request employee service getbyid method : 90
2020-10-02 15:05:04 DEBUG Incomming request getbyid method
2020-10-02 15:05:04 DEBUG Incoming request employee service getbyid method : 90
2020-10-02 15:05:04 DEBUG Incomming request getbyid method
2020-10-02 15:05:04 DEBUG Incoming request employee service getbyid method : 90
2020-10-02 15:05:05 DEBUG Incomming request getbyid method
2020-10-02 15:05:05 DEBUG Incoming request employee service getbyid method : 90
2020-10-02 15:05:05 DEBUG Incomming request getbyid method
2020-10-02 15:05:05 DEBUG Incoming request employee service getbyid method : 90
2020-10-02 15:06:57 DEBUG Incomming request getbyid method
2020-10-02 15:06:57 DEBUG Incoming request employee service getbyid method : 90
2020-10-02 15:06:59 DEBUG Incomming request getbyid method
2020-10-02 15:06:59 DEBUG Incoming request employee service getbyid method : 90
2020-10-02 15:06:59 DEBUG Incomming request getbyid method
2020-10-02 15:06:59 DEBUG Incoming request employee service getbyid method : 90
2020-10-02 15:07:04 DEBUG Incoming request getallemployees method 
2020-10-02 15:07:04 DEBUG Incoming request getAllEmployees
2020-10-02 15:07:12 DEBUG Incomming request getbyid method
2020-10-02 15:07:12 DEBUG Incoming request employee service getbyid method : 5
2020-10-02 15:07:13 DEBUG Incomming request getbyid method
2020-10-02 15:07:13 DEBUG Incoming request employee service getbyid method : 5
2020-10-02 15:07:14 DEBUG Incomming request getbyid method
2020-10-02 15:07:14 DEBUG Incoming request employee service getbyid method : 5
2020-10-02 15:07:14 DEBUG Incomming request getbyid method
2020-10-02 15:07:14 DEBUG Incoming request employee service getbyid method : 5
2020-10-02 15:07:15 DEBUG Incomming request getbyid method
2020-10-02 15:07:15 DEBUG Incoming request employee service getbyid method : 5
2020-10-02 15:07:15 DEBUG Incomming request getbyid method
2020-10-02 15:07:15 DEBUG Incoming request employee service getbyid method : 5
2020-10-02 15:09:54 DEBUG Incoming request getallemployees method 
2020-10-02 15:09:54 DEBUG Incoming request getAllEmployees
2020-10-02 15:10:07 DEBUG Incomming request getbyid method
2020-10-02 15:10:07 DEBUG Incoming request employee service getbyid method : 5
2020-10-02 15:20:48 DEBUG Incoming request getallemployees method 
2020-10-02 15:20:48 DEBUG Incoming request getAllEmployees
2020-10-02 15:20:59 DEBUG Incomming request getbyid method
2020-10-02 15:20:59 DEBUG Incoming request employee service getbyid method : 5
2020-10-02 15:21:09 DEBUG Incomming request getbyid method
2020-10-02 15:21:09 DEBUG Incoming request employee service getbyid method : 10
2020-10-02 15:21:09 ERROR RECORD_NOT_FOUND
2020-10-02 15:21:25 DEBUG Incomming request getbyid method
2020-10-02 15:21:25 DEBUG Incoming request employee service getbyid method : 16
2020-10-02 15:23:06 DEBUG Incomming request getbyid method
2020-10-02 15:23:06 DEBUG Incoming request employee service getbyid method : 7
2020-10-02 15:23:08 DEBUG Incomming request getbyid method
2020-10-02 15:23:08 DEBUG Incoming request employee service getbyid method : 7
2020-10-02 15:23:09 DEBUG Incomming request getbyid method
2020-10-02 15:23:09 DEBUG Incoming request employee service getbyid method : 7
2020-10-02 15:23:09 DEBUG Incomming request getbyid method
2020-10-02 15:23:09 DEBUG Incoming request employee service getbyid method : 7
2020-10-02 15:27:08 DEBUG Incomming request getbyid method
2020-10-02 15:27:08 DEBUG Incoming request employee service getbyid method : 7
2020-10-02 15:27:08 ERROR RECORD_NOT_FOUND
2020-10-02 15:27:21 DEBUG Incomming request getbyid method
2020-10-02 15:27:21 DEBUG Incoming request employee service getbyid method : 8
2020-10-02 15:30:02 DEBUG Incoming request getallemployees method 
2020-10-02 15:30:02 DEBUG Incoming request getAllEmployees
2020-10-02 15:30:12 DEBUG Incomming request getbyid method
2020-10-02 15:30:12 DEBUG Incoming request employee service getbyid method : 10
2020-10-02 15:30:15 DEBUG Incomming request getbyid method
2020-10-02 15:30:15 DEBUG Incoming request employee service getbyid method : 11
2020-10-02 15:30:15 ERROR RECORD_NOT_FOUND
2020-10-02 15:43:52 DEBUG Incoming request getallemployees method 
2020-10-02 15:43:52 DEBUG Incoming request getAllEmployees
2020-10-02 15:43:53 ERROR Inside catch block of findAll method in service
2020-10-02 15:44:52 DEBUG Incoming request getallemployees method 
2020-10-02 15:44:52 DEBUG Incoming request getAllEmployees
2020-10-02 15:44:52 ERROR Inside catch block of findAll method in service
2020-10-02 15:44:54 DEBUG Incoming request getallemployees method 
2020-10-02 15:44:54 DEBUG Incoming request getAllEmployees
2020-10-02 15:44:54 ERROR Inside catch block of findAll method in service
2020-10-02 15:44:54 DEBUG Incoming request getallemployees method 
2020-10-02 15:44:54 DEBUG Incoming request getAllEmployees
2020-10-02 15:44:54 ERROR Inside catch block of findAll method in service
2020-10-02 15:44:54 DEBUG Incoming request getallemployees method 
2020-10-02 15:44:54 DEBUG Incoming request getAllEmployees
2020-10-02 15:44:54 ERROR Inside catch block of findAll method in service
2020-10-02 15:44:55 DEBUG Incoming request getallemployees method 
2020-10-02 15:44:55 DEBUG Incoming request getAllEmployees
2020-10-02 15:44:55 ERROR Inside catch block of findAll method in service
2020-10-02 15:44:55 DEBUG Incoming request getallemployees method 
2020-10-02 15:44:55 DEBUG Incoming request getAllEmployees
2020-10-02 15:44:55 ERROR Inside catch block of findAll method in service
2020-10-02 15:44:55 DEBUG Incoming request getallemployees method 
2020-10-02 15:44:55 DEBUG Incoming request getAllEmployees
2020-10-02 15:44:55 ERROR Inside catch block of findAll method in service
2020-10-02 15:45:17 DEBUG Incoming request getallemployees method 
2020-10-02 15:45:17 DEBUG Incoming request getAllEmployees
2020-10-02 15:45:17 ERROR Inside catch block of findAll method in service
2020-10-02 15:48:19 DEBUG Incoming request getallemployees method 
2020-10-02 15:48:19 DEBUG Incoming request getAllEmployees
2020-10-02 15:48:19 ERROR Inside catch block of findAll method in service
2020-10-02 15:49:56 DEBUG Incoming request getallemployees method 
2020-10-02 15:49:56 DEBUG Incoming request getAllEmployees
2020-10-02 15:50:36 DEBUG Incoming request getallemployees method 
2020-10-02 15:50:36 DEBUG Incoming request getAllEmployees
2020-10-02 15:52:40 DEBUG Incoming request getallemployees method 
2020-10-02 15:52:40 DEBUG Incoming request getAllEmployees
2020-10-02 15:53:40 DEBUG Incomming request getbyid method
2020-10-02 15:53:40 DEBUG Incoming request employee service getbyid method : 10
2020-10-02 15:53:51 DEBUG Incomming request getbyid method
2020-10-02 15:53:51 DEBUG Incoming request employee service getbyid method : 18
2020-10-02 15:53:51 ERROR RECORD_NOT_FOUND
2020-10-02 15:54:35 DEBUG Incomming request getbyid method
2020-10-02 15:54:35 DEBUG Incoming request employee service getbyid method : 18
2020-10-02 15:54:35 ERROR RECORD_NOT_FOUND
2020-10-02 15:54:51 DEBUG Incomming request getbyid method
2020-10-02 15:54:51 DEBUG Incoming request employee service getbyid method : 10
2020-10-02 15:56:43 DEBUG Incoming request employee controller : Employee [id=null, name=tulasi, salary=6000, city=mumbai, phone=54545]
2020-10-02 15:56:43 DEBUG Incoming request employee service : Employee [id=null, name=tulasi, salary=6000, city=mumbai, phone=54545]
2020-10-02 16:01:31 DEBUG Incoming request employee controller : Employee [id=1, name=swa, salary=15000, city=Hyd, phone=1234]
2020-10-02 16:01:31 DEBUG Incomming request deleteemployee method
2020-10-02 16:04:21 DEBUG Incomming request getbyid method
2020-10-02 16:04:41 DEBUG Incoming request employee controller : Employee [id=1, name=swa, salary=15000, city=Hyd, phone=1234]
2020-10-02 16:04:41 DEBUG Incomming request deleteemployee method
2020-10-02 16:04:41 DEBUG Incomming request getbyid method
2020-10-02 16:09:37 DEBUG Incoming request getallemployees method 
2020-10-02 16:10:48 DEBUG Incoming request getallemployees method 
2020-10-02 16:11:45 DEBUG Incoming request employee controller : Employee [id=1, name=swa, salary=15000, city=Hyd, phone=1234]
2020-10-02 16:11:45 DEBUG Incomming request deleteemployee method
2020-10-02 16:11:45 DEBUG Incomming request getbyid method
2020-10-02 16:11:45 DEBUG Incoming request getallemployees method 
2020-10-02 16:14:41 DEBUG Incoming request employee service delete method : 1
2020-10-02 16:14:41 DEBUG Incoming request employee service delete method : null
2020-10-02 16:14:41 ERROR record not found
2020-10-02 16:14:41 DEBUG Incoming request employee service : Employee [id=1, name=swa, salary=15000, city=Hyd, phone=1234]
2020-10-02 16:16:22 DEBUG Incoming request employee service delete method : 1
2020-10-02 16:16:23 DEBUG Incoming request employee service delete method : null
2020-10-02 16:16:23 ERROR record not found
2020-10-02 16:16:23 DEBUG Incoming request employee service delete method : null
2020-10-02 16:16:23 ERROR record not found
2020-10-02 16:17:14 DEBUG Incoming request employee service delete method : null
2020-10-02 16:17:14 ERROR record not found
2020-10-02 16:17:14 DEBUG Incoming request employee service delete method : null
2020-10-02 16:17:14 ERROR record not found
2020-10-02 16:17:14 DEBUG Incoming request employee service : Employee [id=1, name=swa, salary=15000, city=Hyd, phone=1234]
2020-10-02 16:17:52 DEBUG Incoming request employee service delete method : null
2020-10-02 16:17:52 ERROR record not found
2020-10-02 16:17:52 DEBUG Incoming request employee service delete method : null
2020-10-02 16:17:52 ERROR record not found
2020-10-02 16:17:52 DEBUG Incoming request employee service : Employee [id=1, name=swa, salary=15000, city=Hyd, phone=1234]
2020-10-02 16:18:55 DEBUG Incoming request employee service delete method : 1
2020-10-02 16:18:55 DEBUG Incoming request employee service delete method : null
2020-10-02 16:18:55 ERROR record not found
2020-10-02 16:18:55 DEBUG Incoming request employee service : Employee [id=1, name=swa, salary=15000, city=Hyd, phone=1234]
2020-10-02 16:22:53 DEBUG Incoming request employee service : Employee [id=null, name=null, salary=null, city=null, phone=null]
2020-10-02 16:24:03 DEBUG Incoming request employee service : Employee [id=null, name=null, salary=0, city=null, phone=0]
2020-10-02 16:24:03 DEBUG Incoming request employee service delete method : 1
2020-10-02 16:24:03 DEBUG Incoming request employee service delete method : null
2020-10-02 16:24:03 ERROR record not found
2020-10-02 16:24:03 DEBUG Incoming request employee service : Employee [id=1, name=swa, salary=15000, city=Hyd, phone=1234]
2020-10-02 16:24:52 DEBUG Incoming request employee service : Employee [id=null, name=null, salary=0, city=null, phone=0]
2020-10-02 16:24:53 DEBUG Incoming request employee service delete method : 1
2020-10-02 16:24:53 DEBUG Incoming request employee service delete method : null
2020-10-02 16:24:53 ERROR record not found
2020-10-02 16:24:53 DEBUG Incoming request employee service : Employee [id=1, name=swa, salary=15000, city=Hyd, phone=1234]
2020-10-02 16:25:12 DEBUG Incoming request employee service delete method : null
2020-10-02 16:25:12 ERROR record not found
2020-10-02 16:25:12 DEBUG Incoming request employee service : Employee [id=1, name=swa, salary=15000, city=Hyd, phone=1234]
2020-10-02 16:26:43 DEBUG Incoming request employee service delete method : null
2020-10-02 16:26:43 ERROR record not found
2020-10-02 16:26:43 DEBUG Incoming request employee service : Employee [id=1, name=swa, salary=15000, city=Hyd, phone=1234]
2020-10-02 16:28:17 DEBUG Incoming request employee service delete method : null
2020-10-02 16:28:17 ERROR record not found
2020-10-02 16:30:17 DEBUG Incoming request employee service : null
2020-10-02 16:30:17 ERROR record not found
2020-10-02 16:32:38 DEBUG Incoming request employee service : null
2020-10-02 16:32:38 ERROR record not found
2020-10-02 16:33:02 DEBUG Incoming request employee service : null
2020-10-02 16:33:02 ERROR record not found
2020-10-02 16:35:23 DEBUG Incoming request employee service : null
2020-10-02 16:35:23 ERROR record not found
2020-10-02 16:37:36 DEBUG Incoming request employee service : null
2020-10-02 16:37:36 ERROR record not found
2020-10-02 16:37:36 DEBUG Incoming request employee service delete method : 1
2020-10-02 16:37:36 DEBUG Incoming request employee service delete method : null
2020-10-02 16:37:36 ERROR record not found
2020-10-02 16:37:36 DEBUG Incoming request employee service : Employee [id=1, name=swa, salary=15000, city=Hyd, phone=1234]
2020-10-02 16:41:28 DEBUG Incoming request employee service : null
2020-10-02 16:41:28 ERROR record not found
2020-10-02 16:42:08 DEBUG Incoming request employee service : null
2020-10-02 16:42:08 ERROR record not found
2020-10-02 16:42:08 DEBUG Incoming request employee service delete method : 1
2020-10-02 16:42:08 DEBUG Incoming request employee service delete method : null
2020-10-02 16:42:08 ERROR record not found
2020-10-02 16:42:08 DEBUG Incoming request employee service : Employee [id=1, name=swa, salary=15000, city=Hyd, phone=1234]
2020-10-02 16:43:40 DEBUG Incoming request employee service : null
2020-10-02 16:43:40 ERROR record not found
2020-10-02 16:43:40 DEBUG Incoming request employee service delete method : 1
2020-10-02 16:43:40 DEBUG Incoming request employee service delete method : null
2020-10-02 16:43:40 ERROR record not found
2020-10-02 16:43:40 DEBUG Incoming request employee service : Employee [id=1, name=swa, salary=15000, city=Hyd, phone=1234]
2020-10-02 16:46:11 DEBUG Incoming request employee service : null
2020-10-02 16:46:11 ERROR record not found
2020-10-02 16:46:11 DEBUG Incoming request employee service delete method : 1
2020-10-02 16:46:11 DEBUG Incoming request employee service delete method : null
2020-10-02 16:46:11 ERROR record not found
2020-10-02 16:46:47 DEBUG Incoming request employee service : null
2020-10-02 16:46:48 ERROR record not found
2020-10-02 16:46:48 DEBUG Incoming request employee service delete method : 1
2020-10-02 16:46:48 DEBUG Incoming request employee service delete method : null
2020-10-02 16:46:48 ERROR record not found
2020-10-02 16:46:48 DEBUG Incoming request employee service : Employee [id=1, name=swa, salary=15000, city=Hyd, phone=1234]
2020-10-02 16:50:09 DEBUG Incoming request employee service delete method : null
2020-10-02 16:50:09 ERROR record not found
2020-10-02 16:50:24 DEBUG Incoming request employee service delete method : 1
2020-10-02 16:50:48 DEBUG Incoming request employee service : null
2020-10-02 16:50:48 ERROR record not found
2020-10-02 16:50:48 DEBUG Incoming request employee service delete method : 1
2020-10-02 16:50:48 DEBUG Incoming request employee service delete method : null
2020-10-02 16:50:48 ERROR record not found
2020-10-02 16:50:48 DEBUG Incoming request employee service : Employee [id=1, name=swa, salary=15000, city=Hyd, phone=1234]
2020-10-02 17:32:05 DEBUG Incoming request employee service : null
2020-10-02 17:32:05 ERROR record not found
2020-10-03 18:23:44 DEBUG Incoming request employee controller : Employee [id=1, name=swa, salary=15000, city=Hyd, phone=1234]
2020-10-03 18:23:44 DEBUG Incomming request deleteemployee method
2020-10-03 18:23:44 DEBUG Incomming request getbyid method
2020-10-03 18:23:44 DEBUG Incoming request getallemployees method 
2020-10-03 18:25:15 DEBUG Incoming request employee service : null
2020-10-03 18:25:15 ERROR record not found
2020-10-03 18:25:15 DEBUG Incoming request employee service delete method : 1
2020-10-03 18:25:15 DEBUG Incoming request employee service delete method : null
2020-10-03 18:25:15 ERROR record not found
2020-10-03 18:25:15 DEBUG Incoming request employee service : Employee [id=1, name=swa, salary=15000, city=Hyd, phone=1234]
2020-10-03 22:10:59 DEBUG Incoming request employee service : null
2020-10-03 22:10:59 ERROR record not found
2020-10-03 22:12:05 DEBUG Incoming request employee service : null
2020-10-03 22:12:05 ERROR record not found
2020-10-03 22:14:12 DEBUG Incoming request employee service : Employee [id=null, name=, salary=null, city=null, phone=null]
2020-10-03 22:14:12 DEBUG Incoming request employee service : null
2020-10-03 22:14:12 ERROR record not found
2020-10-03 22:17:02 DEBUG Incoming request employee service : Employee [id=1, name=Ojas, salary=1000000, city=HYD, phone=1234567890]
2020-10-03 22:17:52 DEBUG Incoming request employee service : Employee [id=1, name=SWATHI, salary=1000000, city=HYDERABAD, phone=1234567890]
2020-10-03 22:17:52 DEBUG Incoming request employee service : Employee [id=null, name=, salary=null, city=null, phone=null]
2020-10-03 22:17:52 DEBUG Incoming request employee service : null
2020-10-03 22:17:52 ERROR record not found
2020-10-03 22:20:01 DEBUG Incoming request employee service : Employee [id=1, name=SWATHI, salary=1000000, city=HYDERABAD, phone=1234567890]
2020-10-03 22:20:01 DEBUG Incoming request employee service : Employee [id=null, name=, salary=null, city=null, phone=null]
2020-10-03 22:20:01 DEBUG Incoming request employee service : null
2020-10-03 22:20:01 ERROR record not found
2020-10-03 22:20:49 DEBUG Incoming request employee service : Employee [id=1, name=SWATHI, salary=1000000, city=HYDERABAD, phone=1234567890]
2020-10-03 22:20:49 DEBUG Incoming request employee service : null
2020-10-03 22:20:49 ERROR record not found
2020-10-03 22:23:19 DEBUG Incoming request employee service delete method : 1
2020-10-03 22:23:19 DEBUG Incoming request employee service : Employee [id=1, name=SWATHI, salary=1000000, city=HYDERABAD, phone=1234567890]
2020-10-03 22:23:19 DEBUG Incoming request employee service delete method : null
2020-10-03 22:23:19 ERROR record not found
2020-10-03 22:24:13 DEBUG Incoming request employee service delete method : 1
2020-10-03 22:24:13 DEBUG Incoming request employee service : Employee [id=1, name=SWATHI, salary=1000000, city=HYDERABAD, phone=1234567890]
2020-10-03 22:24:13 DEBUG Incoming request employee service delete method : null
2020-10-03 22:24:13 ERROR record not found
2020-10-03 22:25:54 DEBUG Incoming request employee service getbyid method : null
2020-10-03 22:25:54 ERROR RECORD_NOT_FOUND
2020-10-03 22:25:54 DEBUG Incoming request employee service delete method : 1
2020-10-03 22:25:54 DEBUG Incoming request employee service : Employee [id=1, name=SWATHI, salary=1000000, city=HYDERABAD, phone=1234567890]
2020-10-03 22:25:54 DEBUG Incoming request employee service delete method : null
2020-10-03 22:25:54 ERROR record not found
2020-10-03 22:27:22 DEBUG Incoming request employee service getbyid method : null
2020-10-03 22:27:22 ERROR RECORD_NOT_FOUND
2020-10-03 22:27:22 DEBUG Incoming request employee service delete method : 1
2020-10-03 22:27:22 DEBUG Incoming request employee service : Employee [id=1, name=SWATHI, salary=1000000, city=HYDERABAD, phone=1234567890]
2020-10-03 22:27:22 DEBUG Incoming request employee service delete method : null
2020-10-03 22:27:22 ERROR record not found
2020-10-03 22:27:22 DEBUG Incoming request getAllEmployees
2020-10-03 22:28:23 DEBUG Incoming request employee service getbyid method : null
2020-10-03 22:28:23 ERROR RECORD_NOT_FOUND
2020-10-03 22:28:24 DEBUG Incoming request employee service delete method : 1
2020-10-03 22:28:24 DEBUG Incoming request employee service : Employee [id=1, name=SWATHI, salary=1000000, city=HYDERABAD, phone=1234567890]
2020-10-03 22:28:24 DEBUG Incoming request employee service delete method : null
2020-10-03 22:28:24 ERROR record not found
2020-10-03 22:28:24 DEBUG Incoming request getAllEmployees
2020-10-03 22:29:42 DEBUG Incoming request employee service getbyid method : null
2020-10-03 22:29:42 ERROR RECORD_NOT_FOUND
2020-10-03 22:29:42 DEBUG Incoming request employee service delete method : 1
2020-10-03 22:29:43 DEBUG Incoming request employee service : Employee [id=1, name=SWATHI, salary=1000000, city=HYDERABAD, phone=1234567890]
2020-10-03 22:29:43 DEBUG Incoming request getAllEmployees
2020-10-03 22:29:43 DEBUG Incoming request employee service delete method : null
2020-10-03 22:29:43 ERROR record not found
2020-10-03 22:29:43 DEBUG Incoming request getAllEmployees
2020-10-03 22:32:55 DEBUG Incoming request employee service getbyid method : null
2020-10-03 22:32:55 ERROR RECORD_NOT_FOUND
2020-10-03 22:32:55 DEBUG Incoming request employee service delete method : 1
2020-10-03 22:32:55 DEBUG Incoming request employee service : Employee [id=1, name=SWATHI, salary=1000000, city=HYDERABAD, phone=1234567890]
2020-10-03 22:32:56 DEBUG Incoming request getAllEmployees
2020-10-03 22:32:56 DEBUG Incoming request employee service delete method : null
2020-10-03 22:32:56 ERROR record not found
2020-10-03 22:32:56 DEBUG Incoming request getAllEmployees
2020-10-03 22:40:43 DEBUG Incoming request employee service getbyid method : null
2020-10-03 22:40:43 ERROR RECORD_NOT_FOUND
2020-10-03 22:40:43 DEBUG Incoming request employee service delete method : 1
2020-10-03 22:40:43 DEBUG Incoming request employee service : Employee [id=1, name=SWATHI, salary=1000000, city=HYDERABAD, phone=1234567890]
2020-10-03 22:40:43 DEBUG Incoming request getAllEmployees
2020-10-03 22:40:43 DEBUG Incoming request employee service delete method : null
2020-10-03 22:40:43 ERROR record not found
2020-10-03 22:40:44 DEBUG Incoming request getAllEmployees
2020-10-03 22:40:51 DEBUG Incoming request employee service getbyid method : null
2020-10-03 22:40:51 ERROR RECORD_NOT_FOUND
2020-10-03 22:40:51 DEBUG Incoming request employee service delete method : 1
2020-10-03 22:40:51 DEBUG Incoming request employee service : Employee [id=1, name=SWATHI, salary=1000000, city=HYDERABAD, phone=1234567890]
2020-10-03 22:40:52 DEBUG Incoming request getAllEmployees
2020-10-03 22:40:52 DEBUG Incoming request employee service delete method : null
2020-10-03 22:40:52 ERROR record not found
2020-10-03 22:40:52 DEBUG Incoming request getAllEmployees
2020-10-04 12:12:28 DEBUG Incoming request employee service delete method : 1
2020-10-04 12:12:28 DEBUG Incoming request employee service delete method : null
2020-10-04 12:12:28 ERROR record not found
2020-10-04 12:12:28 DEBUG Incoming request employee service : Employee [id=1, name=swa, salary=15000, city=Hyd, phone=1234]
2020-10-04 12:16:03 DEBUG Incoming request employee service : null
2020-10-04 12:16:03 ERROR record not found
2020-10-04 12:16:04 DEBUG Incoming request employee service delete method : 1
2020-10-04 12:16:04 DEBUG Incoming request employee service delete method : null
2020-10-04 12:16:04 ERROR record not found
2020-10-04 12:16:04 DEBUG Incoming request employee service : Employee [id=1, name=swa, salary=15000, city=Hyd, phone=1234]
2020-10-04 12:22:13 DEBUG Incoming request employee service : null
2020-10-04 12:22:13 ERROR record not found
2020-10-04 12:22:13 DEBUG Incoming request employee service delete method : 1
2020-10-04 12:22:13 DEBUG Incoming request employee service delete method : null
2020-10-04 12:22:13 ERROR record not found
2020-10-04 12:22:13 DEBUG Incoming request employee service : Employee [id=1, name=swa, salary=15000, city=Hyd, phone=1234]
2020-10-04 12:24:46 DEBUG Incoming request employee service : null
2020-10-04 12:24:46 ERROR record not found
2020-10-04 12:24:46 DEBUG Incoming request employee service delete method : 1
2020-10-04 12:24:46 DEBUG Incoming request employee service delete method : null
2020-10-04 12:24:46 ERROR record not found
2020-10-04 12:24:46 DEBUG Incoming request employee service delete method : null
2020-10-04 12:24:46 ERROR record not found
2020-10-04 12:24:46 DEBUG Incoming request getAllEmployees
2020-10-04 12:30:02 DEBUG Incoming request employee service delete method : 1
2020-10-04 12:30:02 DEBUG Incoming request employee service : Employee [id=1, name=Ojas, salary=1000000, city=HYD, phone=1234567890]
2020-10-04 12:30:02 DEBUG Incoming request employee service delete method : null
2020-10-04 12:30:02 ERROR record not found
2020-10-04 12:30:02 DEBUG Incoming request employee service delete method : null
2020-10-04 12:30:02 ERROR record not found
2020-10-04 12:36:17 DEBUG Incoming request employee service getbyid method : 1
2020-10-04 12:36:17 DEBUG Incoming request employee service delete method : 1
2020-10-04 12:36:18 DEBUG Incoming request employee service : Employee [id=1, name=Ojas, salary=1000000, city=HYD, phone=1234567890]
2020-10-04 12:36:18 DEBUG Incoming request employee service delete method : null
2020-10-04 12:36:18 ERROR record not found
2020-10-04 14:22:50 DEBUG Incoming request employee service getbyid method : 1
2020-10-04 14:22:50 DEBUG Incoming request employee service delete method : 1
2020-10-04 14:22:50 DEBUG Incoming request employee service : Employee [id=1, name=Ojas, salary=1000000, city=HYD, phone=1234567890]
2020-10-04 14:22:50 DEBUG Incoming request employee service delete method : null
2020-10-04 14:22:50 ERROR record not found
2020-10-04 14:24:38 DEBUG Incoming request employee service getbyid method : 1
2020-10-04 14:24:38 DEBUG Incoming request employee service delete method : 1
2020-10-04 14:24:38 DEBUG Incoming request employee service : Employee [id=1, name=Ojas, salary=1000000, city=HYD, phone=1234567890]
2020-10-04 14:24:38 DEBUG Incoming request employee service delete method : null
2020-10-04 14:24:38 ERROR record not found
2020-10-04 14:28:52 DEBUG Incoming request employee service getbyid method : null
2020-10-04 14:28:52 ERROR RECORD_NOT_FOUND
2020-10-04 14:28:52 DEBUG Incoming request employee service getbyid method : 1
2020-10-04 14:28:52 DEBUG Incoming request employee service delete method : 1
2020-10-04 14:28:52 DEBUG Incoming request employee service : Employee [id=1, name=Ojas, salary=1000000, city=HYD, phone=1234567890]
2020-10-04 14:28:52 DEBUG Incoming request getAllEmployees
2020-10-04 14:28:52 DEBUG Incoming request employee service delete method : null
2020-10-04 14:28:52 ERROR record not found
2020-10-04 14:29:58 DEBUG Incoming request employee service getbyid method : null
2020-10-04 14:29:58 ERROR RECORD_NOT_FOUND
2020-10-04 14:29:58 DEBUG Incoming request employee service getbyid method : 1
2020-10-04 14:29:58 DEBUG Incoming request employee service delete method : 1
2020-10-04 14:29:58 DEBUG Incoming request employee service : Employee [id=1, name=Ojas, salary=1000000, city=HYD, phone=1234567890]
2020-10-04 14:29:58 DEBUG Incoming request getAllEmployees
2020-10-04 14:29:58 DEBUG Incoming request employee service delete method : null
2020-10-04 14:29:58 ERROR record not found
2020-10-04 14:43:03 DEBUG Incoming request employee service getbyid method : null
2020-10-04 14:43:03 ERROR RECORD_NOT_FOUND
2020-10-04 14:43:03 DEBUG Incoming request employee service getbyid method : 1
2020-10-04 14:43:03 DEBUG Incoming request employee service delete method : 1
2020-10-04 14:43:03 DEBUG Incoming request employee service : Employee [id=1, name=Ojas, salary=1000000, city=HYD, phone=1234567890]
2020-10-04 14:43:03 DEBUG Incoming request getAllEmployees
2020-10-04 14:43:03 DEBUG Incoming request employee service delete method : null
2020-10-04 14:43:03 ERROR record not found
2020-10-04 15:07:45 DEBUG Incoming request employee service getbyid method : null
2020-10-04 15:07:45 ERROR RECORD_NOT_FOUND
2020-10-04 15:07:45 DEBUG Incoming request employee service getbyid method : 1
2020-10-04 15:07:45 DEBUG Incoming request employee service delete method : 1
2020-10-04 15:07:45 DEBUG Incoming request employee service : Employee [id=1, name=Ojas, salary=1000000, city=HYD, phone=1234567890]
2020-10-04 15:07:46 DEBUG Incoming request getAllEmployees
2020-10-04 15:07:46 DEBUG Incoming request employee service delete method : null
2020-10-04 15:07:46 ERROR record not found
2020-10-04 20:48:48 DEBUG Incoming request getAllEmployees
2020-10-04 20:49:33 DEBUG Incoming request getAllEmployees
2020-10-04 20:50:01 DEBUG Incoming request getAllEmployees
2020-10-04 20:50:19 DEBUG Incoming request employee service getbyid method : null
2020-10-04 20:50:19 ERROR RECORD_NOT_FOUND
2020-10-04 20:50:19 DEBUG Incoming request employee service getbyid method : 1
2020-10-04 20:50:19 DEBUG Incoming request employee service delete method : 1
2020-10-04 20:50:19 DEBUG Incoming request employee service : Employee [id=1, name=Ojas, salary=1000000, city=HYD, phone=1234567890]
2020-10-04 20:50:19 DEBUG Incoming request getAllEmployees
2020-10-04 20:50:19 DEBUG Incoming request employee service delete method : null
2020-10-04 20:50:19 ERROR record not found
2020-10-04 20:55:10 DEBUG Incoming request employee service getbyid method : null
2020-10-04 20:55:10 ERROR RECORD_NOT_FOUND
2020-10-04 20:55:11 DEBUG Incoming request employee service getbyid method : 1
2020-10-04 20:55:11 DEBUG Incoming request employee service delete method : 1
2020-10-04 20:55:11 DEBUG Incoming request employee service : Employee [id=1, name=Ojas, salary=1000000, city=HYD, phone=1234567890]
2020-10-04 20:55:12 DEBUG Incoming request getAllEmployees
2020-10-04 20:55:12 DEBUG Incoming request employee service delete method : null
2020-10-04 20:55:12 ERROR record not found
2020-10-04 20:55:34 DEBUG Incoming request getAllEmployees
2020-10-04 20:56:21 DEBUG Incoming request employee service getbyid method : null
2020-10-04 20:56:21 ERROR RECORD_NOT_FOUND
2020-10-04 20:56:21 DEBUG Incoming request employee service getbyid method : 1
2020-10-04 20:56:21 DEBUG Incoming request employee service delete method : 1
2020-10-04 20:56:21 DEBUG Incoming request employee service : Employee [id=1, name=Ojas, salary=1000000, city=HYD, phone=1234567890]
2020-10-04 20:56:21 DEBUG Incoming request getAllEmployees
2020-10-04 20:56:21 DEBUG Incoming request employee service delete method : null
2020-10-04 20:56:21 ERROR record not found
2020-10-04 20:59:01 DEBUG Incoming request employee service getbyid method : 1
2020-10-04 20:59:01 DEBUG Incoming request employee service delete method : 1
2020-10-04 20:59:02 DEBUG Incoming request employee service : Employee [id=1, name=Ojas, salary=1000000, city=HYD, phone=1234567890]
2020-10-04 20:59:02 DEBUG Incoming request getAllEmployees
2020-10-04 20:59:02 DEBUG Incoming request getAllEmployees
2020-10-04 21:00:04 DEBUG Incoming request employee service getbyid method : null
2020-10-04 21:00:04 ERROR RECORD_NOT_FOUND
2020-10-04 21:00:04 DEBUG Incoming request employee service getbyid method : 1
2020-10-04 21:00:04 DEBUG Incoming request employee service delete method : 1
2020-10-04 21:00:04 DEBUG Incoming request employee service : Employee [id=1, name=Ojas, salary=1000000, city=HYD, phone=1234567890]
2020-10-04 21:00:04 DEBUG Incoming request getAllEmployees
2020-10-04 21:00:04 DEBUG Incoming request getAllEmployees
2020-10-04 21:03:13 DEBUG Incoming request employee controller : Employee [id=1, name=swa, salary=15000, city=Hyd, phone=1234]
2020-10-04 21:03:14 DEBUG Incomming request deleteemployee method
2020-10-04 21:03:14 DEBUG Incomming request getbyid method
2020-10-04 21:03:14 DEBUG Incoming request getallemployees method 
2020-10-04 21:03:14 DEBUG Incoming request employee service getbyid method : null
2020-10-04 21:03:14 ERROR RECORD_NOT_FOUND
2020-10-04 21:03:14 DEBUG Incoming request employee service delete method : 1
2020-10-04 21:03:14 DEBUG Incoming request employee service : Employee [id=1, name=SWATHI, salary=1000000, city=HYDERABAD, phone=1234567890]
2020-10-04 21:03:14 DEBUG Incoming request getAllEmployees
2020-10-04 21:03:14 DEBUG Incoming request employee service delete method : null
2020-10-04 21:03:14 ERROR record not found
2020-10-04 21:03:14 DEBUG Incoming request getAllEmployees
2020-10-04 21:03:15 DEBUG Incoming request employee service getbyid method : null
2020-10-04 21:03:15 ERROR RECORD_NOT_FOUND
2020-10-04 21:03:15 DEBUG Incoming request employee service getbyid method : 1
2020-10-04 21:03:15 DEBUG Incoming request employee service delete method : 1
2020-10-04 21:03:15 DEBUG Incoming request employee service : Employee [id=1, name=Ojas, salary=1000000, city=HYD, phone=1234567890]
2020-10-04 21:03:15 DEBUG Incoming request getAllEmployees
2020-10-04 21:03:15 DEBUG Incoming request getAllEmployees
2020-10-04 21:08:09 DEBUG Incoming request employee service : null
2020-10-04 21:08:09 ERROR record not found
2020-10-04 21:08:09 DEBUG Incoming request employee service getbyid method : null
2020-10-04 21:08:09 ERROR RECORD_NOT_FOUND
2020-10-04 21:08:09 DEBUG Incoming request employee service getbyid method : 1
2020-10-04 21:08:09 DEBUG Incoming request employee service delete method : 1
2020-10-04 21:08:09 DEBUG Incoming request employee service : Employee [id=1, name=Ojas, salary=1000000, city=HYD, phone=1234567890]
2020-10-04 21:08:09 DEBUG Incoming request getAllEmployees
2020-10-04 21:08:09 DEBUG Incoming request getAllEmployees
2020-10-04 21:08:39 DEBUG Incoming request employee service : null
2020-10-04 21:08:39 ERROR record not found
2020-10-04 21:08:39 DEBUG Incoming request employee service getbyid method : null
2020-10-04 21:08:39 ERROR RECORD_NOT_FOUND
2020-10-04 21:08:39 DEBUG Incoming request employee service getbyid method : 1
2020-10-04 21:08:39 DEBUG Incoming request employee service delete method : 1
2020-10-04 21:08:39 DEBUG Incoming request employee service : Employee [id=1, name=Ojas, salary=1000000, city=HYD, phone=1234567890]
2020-10-04 21:08:39 DEBUG Incoming request getAllEmployees
2020-10-04 21:08:39 DEBUG Incoming request getAllEmployees
2020-10-04 21:11:27 DEBUG Incoming request employee service : null
2020-10-04 21:11:27 ERROR record not found
2020-10-04 21:11:27 DEBUG Incoming request employee service : null
2020-10-04 21:11:27 ERROR record not found
2020-10-04 21:11:28 DEBUG Incoming request employee service getbyid method : 1
2020-10-04 21:11:28 DEBUG Incoming request employee service delete method : 1
2020-10-04 21:11:28 DEBUG Incoming request employee service : Employee [id=1, name=Ojas, salary=1000000, city=HYD, phone=1234567890]
2020-10-04 21:11:28 DEBUG Incoming request getAllEmployees
2020-10-04 21:11:28 DEBUG Incoming request getAllEmployees
2020-10-04 21:12:35 DEBUG Incoming request employee service : null
2020-10-04 21:12:35 ERROR record not found
2020-10-04 21:12:35 DEBUG Incoming request employee service getbyid method : null
2020-10-04 21:12:35 ERROR RECORD_NOT_FOUND
2020-10-04 21:12:35 DEBUG Incoming request employee service getbyid method : 1
2020-10-04 21:12:35 DEBUG Incoming request employee service delete method : 1
2020-10-04 21:12:35 DEBUG Incoming request employee service : Employee [id=1, name=Ojas, salary=1000000, city=HYD, phone=1234567890]
2020-10-04 21:12:35 DEBUG Incoming request getAllEmployees
2020-10-04 21:12:35 DEBUG Incoming request getAllEmployees
2020-10-04 21:13:21 DEBUG Incoming request employee service : null
2020-10-04 21:13:21 ERROR record not found
2020-10-04 21:13:21 DEBUG Incoming request employee service getbyid method : null
2020-10-04 21:13:21 ERROR RECORD_NOT_FOUND
2020-10-04 21:13:21 DEBUG Incoming request employee service getbyid method : 1
2020-10-04 21:13:21 DEBUG Incoming request employee service delete method : 1
2020-10-04 21:13:21 DEBUG Incoming request employee service : Employee [id=1, name=Ojas, salary=1000000, city=HYD, phone=1234567890]
2020-10-04 21:13:22 DEBUG Incoming request getAllEmployees
2020-10-04 21:13:22 DEBUG Incoming request getAllEmployees
2020-10-04 21:15:51 DEBUG Incoming request employee service : null
2020-10-04 21:15:51 ERROR record not found
2020-10-04 21:15:51 DEBUG Incoming request employee service getbyid method : null
2020-10-04 21:15:51 ERROR RECORD_NOT_FOUND
2020-10-04 21:15:51 DEBUG Incoming request employee service getbyid method : 1
2020-10-04 21:15:51 DEBUG Incoming request employee service delete method : 1
2020-10-04 21:15:51 DEBUG Incoming request employee service : Employee [id=1, name=Ojas, salary=1000000, city=HYD, phone=1234567890]
2020-10-04 21:15:52 DEBUG Incoming request getAllEmployees
2020-10-04 21:15:52 DEBUG Incoming request getAllEmployees
2020-10-04 21:16:36 DEBUG Incoming request employee service : null
2020-10-04 21:16:36 ERROR record not found
2020-10-04 21:16:36 DEBUG Incoming request employee service getbyid method : null
2020-10-04 21:16:36 ERROR RECORD_NOT_FOUND
2020-10-04 21:16:36 DEBUG Incoming request employee service getbyid method : 1
2020-10-04 21:16:36 DEBUG Incoming request employee service delete method : 1
2020-10-04 21:16:36 DEBUG Incoming request employee service : Employee [id=1, name=Ojas, salary=1000000, city=HYD, phone=1234567890]
2020-10-04 21:16:36 DEBUG Incoming request getAllEmployees
2020-10-04 21:16:36 DEBUG Incoming request getAllEmployees
2020-10-04 21:17:27 DEBUG Incoming request employee service : null
2020-10-04 21:17:27 ERROR record not found
2020-10-04 21:17:27 DEBUG Incoming request employee service getbyid method : null
2020-10-04 21:17:27 ERROR RECORD_NOT_FOUND
2020-10-04 21:17:27 DEBUG Incoming request employee service getbyid method : 1
2020-10-04 21:17:27 DEBUG Incoming request employee service delete method : 1
2020-10-04 21:17:27 DEBUG Incoming request employee service : Employee [id=1, name=Ojas, salary=1000000, city=HYD, phone=1234567890]
2020-10-04 21:17:27 DEBUG Incoming request getAllEmployees
2020-10-04 21:17:27 DEBUG Incoming request getAllEmployees
2020-10-04 21:18:06 DEBUG Incoming request employee controller : Employee [id=1, name=swa, salary=15000, city=Hyd, phone=1234]
2020-10-04 21:18:06 DEBUG Incomming request deleteemployee method
2020-10-04 21:18:06 DEBUG Incomming request getbyid method
2020-10-04 21:18:06 DEBUG Incoming request getallemployees method 
2020-10-04 21:18:07 DEBUG Incoming request employee service getbyid method : null
2020-10-04 21:18:07 ERROR RECORD_NOT_FOUND
2020-10-04 21:18:07 DEBUG Incoming request employee service delete method : 1
2020-10-04 21:18:07 DEBUG Incoming request employee service : Employee [id=1, name=SWATHI, salary=1000000, city=HYDERABAD, phone=1234567890]
2020-10-04 21:18:07 DEBUG Incoming request getAllEmployees
2020-10-04 21:18:07 DEBUG Incoming request employee service delete method : null
2020-10-04 21:18:07 ERROR record not found
2020-10-04 21:18:07 DEBUG Incoming request getAllEmployees
2020-10-04 21:18:07 DEBUG Incoming request employee service : null
2020-10-04 21:18:07 ERROR record not found
2020-10-04 21:18:07 DEBUG Incoming request employee service getbyid method : null
2020-10-04 21:18:07 ERROR RECORD_NOT_FOUND
2020-10-04 21:18:07 DEBUG Incoming request employee service getbyid method : 1
2020-10-04 21:18:07 DEBUG Incoming request employee service delete method : 1
2020-10-04 21:18:07 DEBUG Incoming request employee service : Employee [id=1, name=Ojas, salary=1000000, city=HYD, phone=1234567890]
2020-10-04 21:18:07 DEBUG Incoming request getAllEmployees
2020-10-04 21:18:07 DEBUG Incoming request getAllEmployees
2020-10-04 21:54:06 DEBUG Incoming request employee service : null
2020-10-04 21:54:06 ERROR record not found
2020-10-04 21:54:06 DEBUG Incoming request employee service getbyid method : null
2020-10-04 21:54:06 ERROR RECORD_NOT_FOUND
2020-10-04 21:54:06 DEBUG Incoming request employee service getbyid method : 1
2020-10-04 21:54:06 DEBUG Incoming request employee service delete method : 1
2020-10-04 21:54:06 DEBUG Incoming request employee service : Employee [id=1, name=Ojas, salary=1000000, city=HYD, phone=1234567890]
2020-10-04 21:54:06 DEBUG Incoming request getAllEmployees
2020-10-04 21:54:06 DEBUG Incoming request getAllEmployees
2020-10-04 22:03:29 DEBUG Incoming request employee controller : Employee [id=1, name=swa, salary=15000, city=Hyd, phone=1234]
2020-10-04 22:03:29 DEBUG Incomming request deleteemployee method
2020-10-04 22:03:29 DEBUG Incomming request getbyid method
2020-10-04 22:03:29 DEBUG Incoming request getallemployees method 
2020-10-04 22:04:51 DEBUG Incoming request employee service : null
2020-10-04 22:04:51 ERROR record not found
2020-10-04 22:04:51 DEBUG Incoming request employee service getbyid method : null
2020-10-04 22:04:51 ERROR RECORD_NOT_FOUND
2020-10-04 22:04:52 DEBUG Incoming request employee service getbyid method : 1
2020-10-04 22:04:52 DEBUG Incoming request employee service delete method : 1
2020-10-04 22:04:52 DEBUG Incoming request employee service : Employee [id=1, name=Ojas, salary=1000000, city=HYD, phone=1234567890]
2020-10-04 22:04:52 DEBUG Incoming request getAllEmployees
2020-10-04 22:04:52 DEBUG Incoming request getAllEmployees
2020-10-04 22:06:40 DEBUG Incoming request employee service getbyid method : null
2020-10-04 22:06:40 ERROR RECORD_NOT_FOUND
2020-10-04 22:06:40 DEBUG Incoming request employee service delete method : 1
2020-10-04 22:06:40 DEBUG Incoming request employee service : Employee [id=1, name=SWATHI, salary=1000000, city=HYDERABAD, phone=1234567890]
2020-10-04 22:06:40 DEBUG Incoming request getAllEmployees
2020-10-04 22:06:40 DEBUG Incoming request employee service delete method : null
2020-10-04 22:06:40 ERROR record not found
2020-10-04 22:06:40 DEBUG Incoming request getAllEmployees
2020-10-04 22:07:17 DEBUG Incoming request employee service : null
2020-10-04 22:07:17 ERROR record not found
2020-10-04 22:07:17 DEBUG Incoming request employee service getbyid method : null
2020-10-04 22:07:17 ERROR RECORD_NOT_FOUND
2020-10-04 22:07:17 DEBUG Incoming request employee service getbyid method : 1
2020-10-04 22:07:17 DEBUG Incoming request employee service delete method : 1
2020-10-04 22:07:17 DEBUG Incoming request employee service : Employee [id=1, name=Ojas, salary=1000000, city=HYD, phone=1234567890]
2020-10-04 22:07:17 DEBUG Incoming request getAllEmployees
2020-10-04 22:07:17 DEBUG Incoming request getAllEmployees
2020-10-04 22:08:13 DEBUG Incoming request employee service : null
2020-10-04 22:08:13 ERROR record not found
2020-10-04 22:08:13 DEBUG Incoming request employee service getbyid method : null
2020-10-04 22:08:13 ERROR RECORD_NOT_FOUND
2020-10-04 22:08:13 DEBUG Incoming request employee service getbyid method : 1
2020-10-04 22:08:13 DEBUG Incoming request employee service delete method : 1
2020-10-04 22:08:13 DEBUG Incoming request employee service : Employee [id=1, name=Ojas, salary=1000000, city=HYD, phone=1234567890]
2020-10-04 22:08:14 DEBUG Incoming request getAllEmployees
2020-10-04 22:08:14 DEBUG Incoming request getAllEmployees
2020-10-04 22:09:32 DEBUG Incoming request employee service : null
2020-10-04 22:09:32 ERROR record not found
2020-10-04 22:09:32 DEBUG Incoming request employee service getbyid method : null
2020-10-04 22:09:32 ERROR RECORD_NOT_FOUND
2020-10-04 22:09:32 DEBUG Incoming request employee service getbyid method : 1
2020-10-04 22:09:32 DEBUG Incoming request employee service delete method : 1
2020-10-04 22:09:32 DEBUG Incoming request employee service : Employee [id=1, name=Ojas, salary=1000000, city=HYD, phone=1234567890]
2020-10-04 22:09:32 DEBUG Incoming request getAllEmployees
2020-10-04 22:09:32 DEBUG Incoming request getAllEmployees
2020-10-04 22:11:43 DEBUG Incoming request employee service : null
2020-10-04 22:11:43 ERROR record not found
2020-10-04 22:11:43 DEBUG Incoming request employee service getbyid method : null
2020-10-04 22:11:43 ERROR RECORD_NOT_FOUND
2020-10-04 22:11:43 DEBUG Incoming request employee service getbyid method : 1
2020-10-04 22:11:43 DEBUG Incoming request employee service delete method : 1
2020-10-04 22:11:43 DEBUG Incoming request employee service : Employee [id=1, name=Ojas, salary=1000000, city=HYD, phone=1234567890]
2020-10-04 22:11:43 DEBUG Incoming request getAllEmployees
2020-10-04 22:11:43 DEBUG Incoming request getAllEmployees
2020-10-04 22:12:33 DEBUG Incoming request employee controller : Employee [id=1, name=swa, salary=15000, city=Hyd, phone=1234]
2020-10-04 22:12:33 DEBUG Incomming request deleteemployee method
2020-10-04 22:12:33 DEBUG Incomming request getbyid method
2020-10-04 22:12:33 DEBUG Incoming request getallemployees method 
2020-10-04 22:12:33 DEBUG Incoming request employee service : null
2020-10-04 22:12:33 ERROR record not found
2020-10-04 22:12:33 DEBUG Incoming request employee service getbyid method : null
2020-10-04 22:12:33 ERROR RECORD_NOT_FOUND
2020-10-04 22:12:33 DEBUG Incoming request employee service getbyid method : 1
2020-10-04 22:12:33 DEBUG Incoming request employee service delete method : 1
2020-10-04 22:12:33 DEBUG Incoming request employee service : Employee [id=1, name=Ojas, salary=1000000, city=HYD, phone=1234567890]
2020-10-04 22:12:33 DEBUG Incoming request getAllEmployees
2020-10-04 22:12:33 DEBUG Incoming request getAllEmployees
2020-10-06 11:36:24 DEBUG Incoming request employee controller : Employee [id=1, name=swa, salary=15000, city=Hyd, phone=1234]
2020-10-06 11:36:24 DEBUG Incomming request deleteemployee method
2020-10-06 11:36:24 DEBUG Incomming request getbyid method
2020-10-06 11:36:24 DEBUG Incoming request getallemployees method 
2020-10-06 11:36:25 DEBUG Incoming request employee service : null
2020-10-06 11:36:25 ERROR record not found
2020-10-06 11:36:25 DEBUG Incoming request employee service getbyid method : null
2020-10-06 11:36:25 ERROR RECORD_NOT_FOUND
2020-10-06 11:36:25 DEBUG Incoming request employee service getbyid method : 1
2020-10-06 11:36:25 DEBUG Incoming request employee service delete method : 1
2020-10-06 11:36:25 DEBUG Incoming request employee service : Employee [id=1, name=Ojas, salary=1000000, city=HYD, phone=1234567890]
2020-10-06 11:36:25 DEBUG Incoming request getAllEmployees
2020-10-06 11:36:25 DEBUG Incoming request getAllEmployees
2020-10-06 11:37:41 DEBUG Incoming request employee service : null
2020-10-06 11:37:41 ERROR record not found
2020-10-06 11:37:41 DEBUG Incoming request employee service getbyid method : null
2020-10-06 11:37:41 ERROR RECORD_NOT_FOUND
2020-10-06 11:37:42 DEBUG Incoming request employee service getbyid method : 1
2020-10-06 11:37:42 DEBUG Incoming request employee service delete method : 1
2020-10-06 11:37:42 DEBUG Incoming request employee service : Employee [id=1, name=Ojas, salary=1000000, city=HYD, phone=1234567890]
2020-10-06 11:37:42 DEBUG Incoming request getAllEmployees
2020-10-06 11:37:42 DEBUG Incoming request getAllEmployees
2020-10-06 11:41:19 DEBUG Incoming request employee service : null
2020-10-06 11:41:19 ERROR record not found
2020-10-06 11:41:19 DEBUG Incoming request employee service getbyid method : null
2020-10-06 11:41:19 ERROR RECORD_NOT_FOUND
2020-10-06 11:41:19 DEBUG Incoming request employee service getbyid method : 1
2020-10-06 11:41:19 DEBUG Incoming request employee service delete method : 1
2020-10-06 11:41:19 DEBUG Incoming request employee service : Employee [id=1, name=Ojas, salary=1000000, city=HYD, phone=1234567890]
2020-10-06 11:41:19 DEBUG Incoming request getAllEmployees
2020-10-06 11:41:20 DEBUG Incoming request getAllEmployees
2020-10-06 11:43:56 DEBUG Incoming request employee service : null
2020-10-06 11:43:56 ERROR record not found
2020-10-06 11:43:56 DEBUG Incoming request employee service getbyid method : null
2020-10-06 11:43:56 ERROR RECORD_NOT_FOUND
2020-10-06 11:43:56 DEBUG Incoming request employee service getbyid method : 1
2020-10-06 11:43:56 DEBUG Incoming request employee service delete method : 1
2020-10-06 11:43:56 DEBUG Incoming request employee service : Employee [id=1, name=Ojas, salary=1000000, city=HYD, phone=1234567890]
2020-10-06 11:43:56 DEBUG Incoming request getAllEmployees
2020-10-06 11:43:56 DEBUG Incoming request getAllEmployees
2020-10-06 11:45:31 DEBUG Incoming request employee service : null
2020-10-06 11:45:31 ERROR record not found
2020-10-06 11:45:31 DEBUG Incoming request employee service getbyid method : 1
2020-10-06 11:45:31 DEBUG Incoming request employee service delete method : 1
2020-10-06 11:45:31 DEBUG Incoming request employee service : Employee [id=1, name=Ojas, salary=1000000, city=HYD, phone=1234567890]
2020-10-06 11:45:31 DEBUG Incoming request employee service delete method : null
2020-10-06 11:45:31 ERROR record not found
2020-10-06 11:45:31 DEBUG Incoming request getAllEmployees
2020-10-06 11:45:31 DEBUG Incoming request getAllEmployees
2020-10-06 11:50:22 DEBUG Incoming request employee service : null
2020-10-06 11:50:22 ERROR record not found
2020-10-06 11:50:22 DEBUG Incoming request employee service getbyid method : 1
2020-10-06 11:50:22 DEBUG Incoming request employee service delete method : 1
2020-10-06 11:50:22 DEBUG Incoming request employee service : Employee [id=1, name=Ojas, salary=1000000, city=HYD, phone=1234567890]
2020-10-06 11:50:22 DEBUG Incoming request employee service delete method : null
2020-10-06 11:50:22 ERROR record not found
2020-10-06 11:50:22 DEBUG Incoming request getAllEmployees
2020-10-06 11:50:22 DEBUG Incoming request getAllEmployees
2020-10-06 11:53:26 DEBUG Incoming request employee controller : Employee [id=1, name=swa, salary=15000, city=Hyd, phone=1234]
2020-10-06 11:53:26 DEBUG Incomming request deleteemployee method
2020-10-06 11:53:26 DEBUG Incomming request getbyid method
2020-10-06 11:53:26 DEBUG Incoming request getallemployees method 
2020-10-06 11:53:26 DEBUG Incoming request employee service : null
2020-10-06 11:53:26 ERROR record not found
2020-10-06 11:53:26 DEBUG Incoming request employee service getbyid method : 1
2020-10-06 11:53:26 DEBUG Incoming request employee service delete method : 1
2020-10-06 11:53:26 DEBUG Incoming request employee service : Employee [id=1, name=Ojas, salary=1000000, city=HYD, phone=1234567890]
2020-10-06 11:53:26 DEBUG Incoming request employee service delete method : null
2020-10-06 11:53:26 ERROR record not found
2020-10-06 11:53:26 DEBUG Incoming request getAllEmployees
2020-10-06 11:53:26 DEBUG Incoming request getAllEmployees
2020-10-06 11:55:05 DEBUG Incoming request employee controller : Employee [id=null, name=sswetha, salary=6000, city=mumbai, phone=54545]
2020-10-06 11:55:05 DEBUG Incoming request employee service : Employee [id=null, name=sswetha, salary=6000, city=mumbai, phone=54545]
2020-10-06 11:56:05 DEBUG Incoming request getallemployees method 
2020-10-06 11:56:05 DEBUG Incoming request getAllEmployees
2020-10-06 11:56:39 DEBUG Incomming request deleteemployee method
2020-10-06 11:56:39 DEBUG Incoming request employee service delete method : 8
2020-10-06 11:56:54 DEBUG Incoming request getallemployees method 
2020-10-06 11:56:54 DEBUG Incoming request getAllEmployees
2020-10-06 11:57:12 DEBUG Incomming request getbyid method
2020-10-06 11:57:12 DEBUG Incoming request employee service getbyid method : 10
2020-10-06 11:59:27 DEBUG Incoming request employee controller : Employee [id=1, name=swa, salary=15000, city=Hyd, phone=1234]
2020-10-06 11:59:27 DEBUG Incomming request deleteemployee method
2020-10-06 11:59:27 DEBUG Incomming request getbyid method
2020-10-06 11:59:27 DEBUG Incoming request getallemployees method 
2020-10-06 11:59:27 DEBUG Incoming request employee service : null
2020-10-06 11:59:27 ERROR record not found
2020-10-06 11:59:27 DEBUG Incoming request employee service getbyid method : 1
2020-10-06 11:59:27 DEBUG Incoming request employee service delete method : 1
2020-10-06 11:59:27 DEBUG Incoming request employee service : Employee [id=1, name=Ojas, salary=1000000, city=HYD, phone=1234567890]
2020-10-06 11:59:27 DEBUG Incoming request employee service delete method : null
2020-10-06 11:59:27 ERROR record not found
2020-10-06 11:59:27 DEBUG Incoming request getAllEmployees
2020-10-06 11:59:27 DEBUG Incoming request getAllEmployees
2020-10-06 12:03:59 DEBUG Incoming request employee controller : Employee [id=null, name=xxxx, salary=6000, city=hyd, phone=54545]
2020-10-06 12:03:59 DEBUG Incoming request employee service : Employee [id=null, name=xxxx, salary=6000, city=hyd, phone=54545]
2020-10-07 10:13:00 DEBUG Incoming request employee controller : Employee [id=null, name=swathi, salary=6000, city=hyd, phone=54545]
2020-10-07 10:13:00 DEBUG Incoming request employee service : Employee [id=null, name=swathi, salary=6000, city=hyd, phone=54545]
2020-10-07 10:15:10 DEBUG Incoming request employee controller : Employee [id=1, name=swathi, salary=6000, city=hyd, phone=54545]
2020-10-07 10:15:10 DEBUG Incoming request employee service : Employee [id=1, name=swathi, salary=6000, city=hyd, phone=54545]
2020-10-07 10:18:16 DEBUG Incoming request employee controller : Employee [id=1, name=swathi, salary=6000, city=hyd, phone=54545]
2020-10-07 10:18:16 DEBUG Incoming request employee service : Employee [id=1, name=swathi, salary=6000, city=hyd, phone=54545]
2020-10-07 10:19:24 DEBUG Incoming request employee controller : Employee [id=1, name=swathi, salary=6000, city=hyd, phone=54545]
2020-10-07 10:19:24 DEBUG Incoming request employee service : Employee [id=1, name=swathi, salary=6000, city=hyd, phone=54545]
2020-10-07 10:25:15 DEBUG Incoming request employee controller : Employee [id=1, name=swathi, salary=6000, city=hyd, phone=54545]
2020-10-07 10:25:15 DEBUG Incoming request employee service : Employee [id=1, name=swathi, salary=6000, city=hyd, phone=54545]
2020-10-07 10:35:14 DEBUG Incoming request employee controller : Employee [id=1, name=swa, salary=15000, city=Hyd, phone=1234]
2020-10-07 10:35:14 DEBUG Incomming request deleteemployee method
2020-10-07 10:35:14 DEBUG Incomming request getbyid method
2020-10-07 10:35:14 DEBUG Incoming request getallemployees method 
2020-10-07 10:35:14 DEBUG Incoming request employee service : null
2020-10-07 10:35:14 ERROR record not found
2020-10-07 10:35:14 DEBUG Incoming request employee service getbyid method : 1
2020-10-07 10:35:14 DEBUG Incoming request employee service delete method : 1
2020-10-07 10:35:14 DEBUG Incoming request employee service : Employee [id=1, name=Ojas, salary=1000000, city=HYD, phone=1234567890]
2020-10-07 10:35:14 DEBUG Incoming request employee service delete method : null
2020-10-07 10:35:14 ERROR record not found
2020-10-07 10:35:15 DEBUG Incoming request getAllEmployees
2020-10-07 10:35:15 DEBUG Incoming request getAllEmployees
2020-10-07 10:36:47 DEBUG Incoming request employee controller : Employee [id=1, name=swathi, salary=6000, city=hyd, phone=54545]
2020-10-07 10:36:47 DEBUG Incoming request employee service : Employee [id=1, name=swathi, salary=6000, city=hyd, phone=54545]
2020-10-07 10:37:53 DEBUG Incoming request employee controller : Employee [id=1, name=swathi, salary=6000, city=hyd, phone=54545]
2020-10-07 10:37:53 DEBUG Incoming request employee service : Employee [id=1, name=swathi, salary=6000, city=hyd, phone=54545]
2020-10-07 10:38:04 DEBUG Incoming request employee controller : Employee [id=1, name=swathi, salary=6000, city=hyd, phone=54545]
2020-10-07 10:38:04 DEBUG Incoming request employee service : Employee [id=1, name=swathi, salary=6000, city=hyd, phone=54545]
2020-10-07 10:42:54 DEBUG Incoming request employee controller : Employee [id=1, name=swathi, salary=6000, city=hyd, phone=54545]
2020-10-07 10:42:54 DEBUG Incoming request employee service : Employee [id=1, name=swathi, salary=6000, city=hyd, phone=54545]
2020-10-07 10:43:45 DEBUG Incoming request employee controller : Employee [id=1, name=swathik, salary=6000, city=hyd, phone=54545]
2020-10-07 10:43:45 DEBUG Incoming request employee service : Employee [id=1, name=swathik, salary=6000, city=hyd, phone=54545]
2020-10-07 10:56:21 DEBUG Incoming request employee controller : Employee [id=2, name=swetha, salary=7000, city=bang, phone=12345]
2020-10-07 10:56:21 DEBUG Incoming request employee service : Employee [id=2, name=swetha, salary=7000, city=bang, phone=12345]
2020-10-07 11:18:51 DEBUG Incoming request employee controller : Employee [id=1, name=swa, salary=15000, city=Hyd, phone=1234]
2020-10-07 11:18:51 DEBUG Incomming request deleteemployee method
2020-10-07 11:18:51 DEBUG Incomming request getbyid method
2020-10-07 11:18:51 DEBUG Incoming request getallemployees method 
2020-10-07 11:18:51 DEBUG Incoming request employee service : null
2020-10-07 11:18:51 ERROR record not found
2020-10-07 11:18:51 DEBUG Incoming request employee service getbyid method : 1
2020-10-07 11:18:51 DEBUG Incoming request employee service delete method : 1
2020-10-07 11:18:51 DEBUG Incoming request employee service : Employee [id=1, name=Ojas, salary=1000000, city=HYD, phone=1234567890]
2020-10-07 11:18:51 DEBUG Incoming request employee service delete method : null
2020-10-07 11:18:51 ERROR record not found
2020-10-07 11:18:51 DEBUG Incoming request getAllEmployees
2020-10-07 11:18:51 DEBUG Incoming request getAllEmployees
2020-10-07 11:19:41 DEBUG Incoming request employee controller : Employee [id=3, name=nagarani, salary=9000, city=cheanni, phone=12345]
2020-10-07 11:19:41 DEBUG Incoming request employee service : Employee [id=3, name=nagarani, salary=9000, city=cheanni, phone=12345]
2020-10-07 11:20:16 DEBUG Incoming request getallemployees method 
2020-10-07 11:20:16 DEBUG Incoming request getAllEmployees
2020-10-07 11:20:34 DEBUG Incomming request getbyid method
2020-10-07 11:20:34 DEBUG Incoming request employee service getbyid method : 1
2020-10-07 11:20:48 DEBUG Incoming request getallemployees method 
2020-10-07 11:20:48 DEBUG Incoming request getAllEmployees
2020-10-07 11:21:10 DEBUG Incomming request deleteemployee method
2020-10-07 11:21:10 DEBUG Incoming request employee service delete method : 3
2020-10-07 11:21:22 DEBUG Incoming request getallemployees method 
2020-10-07 11:21:22 DEBUG Incoming request getAllEmployees
