2020-09-23 19:48:00 DEBUG Incoming request user controller : User [id=null, userName=Hash107]
2020-09-23 19:48:00 DEBUG Incoming request user service : User [id=null, userName=Hash107]
2020-09-24 10:16:11 DEBUG Incoming request user controller : User [id=null, userName=Hash108]
2020-09-24 10:16:11 DEBUG Incoming request user service : User [id=null, userName=Hash108]
2020-09-24 10:16:57 DEBUG Incoming request user controller : User [id=null, userName=Hash110]
2020-09-24 10:16:57 DEBUG Incoming request user service : User [id=null, userName=Hash110]
2020-09-24 10:17:40 DEBUG Incoming request user controller : User [id=null, userName=Hash111]
2020-09-24 10:17:40 DEBUG Incoming request user service : User [id=null, userName=Hash111]
2020-09-24 10:36:49 DEBUG Incoming request user controller : User [id=null, userName=Hash112]
2020-09-24 10:36:49 DEBUG Incoming request user service : User [id=null, userName=Hash112]
2020-09-24 10:37:03 DEBUG Incoming request user controller : User [id=null, userName=Hash112]
2020-09-24 10:37:03 DEBUG Incoming request user service : User [id=null, userName=Hash112]
2020-09-24 10:57:52 DEBUG Incoming request user controller : User [id=null, userName=Hash112]
2020-09-24 10:57:52 DEBUG Incoming request user service : User [id=null, userName=Hash112]
2020-09-24 11:49:24 DEBUG Incoming request user controller : User [id=null, userName=Hash112]
2020-09-24 11:49:24 DEBUG Incoming request user service : User [id=null, userName=Hash112]
2020-09-24 11:49:31 DEBUG Incoming request user controller : User [id=null, userName=Hash113]
2020-09-24 11:49:31 DEBUG Incoming request user service : User [id=null, userName=Hash113]
2020-09-24 11:49:40 DEBUG Incoming request user controller : User [id=null, userName=Hash113]
2020-09-24 11:49:40 DEBUG Incoming request user service : User [id=null, userName=Hash113]
2020-09-24 12:25:17 DEBUG Incoming request user controller : User [id=null, userName=]
2020-09-24 12:25:17 DEBUG Incoming request user service : User [id=null, userName=]
2020-09-24 12:25:17 ERROR Fields should not be null
2020-09-24 12:29:12 DEBUG Incoming request user controller : User [id=null, userName=Ojas1001]
2020-09-24 12:29:18 DEBUG Incoming request user service : User [id=null, userName=Ojas1001]
2020-09-24 12:30:19 DEBUG Incoming request user controller : User [id=null, userName=]
2020-09-24 12:30:25 DEBUG Incoming request user service : User [id=null, userName=]
2020-09-24 12:30:33 ERROR Fields should not be null
2020-09-24 12:32:46 DEBUG Incoming request user controller : User [id=null, userName=]
2020-09-24 12:32:52 DEBUG Incoming request user service : User [id=null, userName=]
2020-09-24 12:33:02 ERROR Fields should not be null
2020-09-24 12:35:37 DEBUG Incoming request user controller : User [id=null, userName=]
2020-09-24 12:36:21 DEBUG Incoming request user controller : User [id=null, userName=]
2020-09-24 12:36:25 DEBUG Incoming request user service : User [id=null, userName=]
2020-09-24 12:36:30 ERROR Fields should not be null
2020-09-24 12:40:44 DEBUG Incoming request user controller : User [id=null, userName=]
2020-09-24 12:40:49 DEBUG Incoming request user service : User [id=null, userName=]
2020-09-24 12:40:53 ERROR Fields should not be null
2020-09-24 12:41:34 DEBUG Incoming request user controller : User [id=null, userName=]
2020-09-24 12:41:38 DEBUG Incoming request user service : User [id=null, userName=]
2020-09-24 12:41:42 ERROR Fields should not be null
2020-09-24 12:42:38 DEBUG Incoming request user controller : User [id=null, userName=]
2020-09-24 12:42:43 DEBUG Incoming request user service : User [id=null, userName=]
2020-09-24 12:42:48 ERROR Fields should not be null
2020-09-24 13:04:16 DEBUG Incoming request user controller : User [id=null, userName=]
2020-09-24 13:04:20 DEBUG Incoming request user service : User [id=null, userName=]
2020-09-24 13:04:24 ERROR Fields should not be null
2020-09-24 13:04:33 ERROR Exception caught : user request object fields 
2020-09-24 13:09:01 DEBUG Incoming request user controller : User [id=null, userName=]
2020-09-24 13:09:07 DEBUG Incoming request user service : User [id=null, userName=]
2020-09-24 13:09:10 ERROR Fields should not be null
2020-09-24 13:09:13 ERROR Exception caught : user request object fields 
2020-09-24 13:18:35 DEBUG Incoming request user controller : User [id=null, userName=]
2020-09-24 13:18:38 DEBUG Incoming request user service : User [id=null, userName=]
2020-09-24 13:18:41 ERROR Fields should not be null
2020-09-24 13:18:51 ERROR Exception caught : user request object fields 
2020-09-24 13:37:10 DEBUG Incoming request user controller : User [id=null, userName=]
2020-09-24 13:38:15 DEBUG Incoming request user controller : User [id=null, userName=]
2020-09-24 13:38:22 DEBUG Incoming request user service : User [id=null, userName=]
2020-09-24 13:38:25 ERROR Fields should not be null
2020-09-24 13:38:28 ERROR Exception caught : Fields must not be null 
2020-09-24 13:40:49 DEBUG Incoming request user controller : User [id=null, userName=]
2020-09-24 13:40:53 DEBUG Incoming request user service : User [id=null, userName=]
2020-09-24 13:40:57 ERROR Fields should not be null
2020-09-24 13:43:16 DEBUG Incoming request user controller : User [id=null, userName=]
2020-09-24 13:43:19 DEBUG Incoming request user service : User [id=null, userName=]
2020-09-24 13:43:23 ERROR Fields should not be null
